EDA Netlist Writer report for lab1
Mon Sep 11 15:15:27 2023
Quartus II 32-bit Version 12.1 Build 177 11/07/2012 SJ Full Version


---------------------
; Table of Contents ;
---------------------
  1. Legal Notice
  2. EDA Netlist Writer Summary
  3. Simulation Settings
  4. Simulation Generated Files
  5. EDA Netlist Writer Messages



----------------
; Legal Notice ;
----------------
Copyright (C) 1991-2012 Altera Corporation
Your use of Altera Corporation's design tools, logic functions 
and other software and tools, and its AMPP partner logic 
functions, and any output files from any of the foregoing 
(including device programming or simulation files), and any 
associated documentation or information are expressly subject 
to the terms and conditions of the Altera Program License 
Subscription Agreement, Altera MegaCore Function License 
Agreement, or other applicable license agreement, including, 
without limitation, that your use is for the sole purpose of 
programming logic devices manufactured by Altera and sold by 
Altera or its authorized distributors.  Please refer to the 
applicable agreement for further details.



+-------------------------------------------------------------------+
; EDA Netlist Writer Summary                                        ;
+---------------------------+---------------------------------------+
; EDA Netlist Writer Status ; Successful - Mon Sep 11 15:15:27 2023 ;
; Revision Name             ; lab1                                  ;
; Top-level Entity Name     ; lab1                                  ;
; Family                    ; Cyclone III                           ;
; Simulation Files Creation ; Successful                            ;
+---------------------------+---------------------------------------+


+----------------------------------------------------------------------------------------------------------------------------+
; Simulation Settings                                                                                                        ;
+---------------------------------------------------------------------------------------------------+------------------------+
; Option                                                                                            ; Setting                ;
+---------------------------------------------------------------------------------------------------+------------------------+
; Tool Name                                                                                         ; ModelSim-Altera (VHDL) ;
; Generate netlist for functional simulation only                                                   ; Off                    ;
; Time scale                                                                                        ; 1 ps                   ;
; Truncate long hierarchy paths                                                                     ; Off                    ;
; Map illegal HDL characters                                                                        ; Off                    ;
; Flatten buses into individual nodes                                                               ; Off                    ;
; Maintain hierarchy                                                                                ; Off                    ;
; Bring out device-wide set/reset signals as ports                                                  ; Off                    ;
; Enable glitch filtering                                                                           ; Off                    ;
; Do not write top level VHDL entity                                                                ; Off                    ;
; Disable detection of setup and hold time violations in the input registers of bi-directional pins ; Off                    ;
; Architecture name in VHDL output netlist                                                          ; structure              ;
; Generate third-party EDA tool command script for RTL functional simulation                        ; Off                    ;
; Generate third-party EDA tool command script for gate-level simulation                            ; Off                    ;
+---------------------------------------------------------------------------------------------------+------------------------+


+-----------------------------------------------------------------------------------+
; Simulation Generated Files                                                        ;
+-----------------------------------------------------------------------------------+
; Generated Files                                                                   ;
+-----------------------------------------------------------------------------------+
; /personal/pparth25/CS232/lab1/simulation/modelsim/lab1_6_1200mv_85c_slow.vho      ;
; /personal/pparth25/CS232/lab1/simulation/modelsim/lab1_6_1200mv_0c_slow.vho       ;
; /personal/pparth25/CS232/lab1/simulation/modelsim/lab1_min_1200mv_0c_fast.vho     ;
; /personal/pparth25/CS232/lab1/simulation/modelsim/lab1.vho                        ;
; /personal/pparth25/CS232/lab1/simulation/modelsim/lab1_6_1200mv_85c_vhd_slow.sdo  ;
; /personal/pparth25/CS232/lab1/simulation/modelsim/lab1_6_1200mv_0c_vhd_slow.sdo   ;
; /personal/pparth25/CS232/lab1/simulation/modelsim/lab1_min_1200mv_0c_vhd_fast.sdo ;
; /personal/pparth25/CS232/lab1/simulation/modelsim/lab1_vhd.sdo                    ;
+-----------------------------------------------------------------------------------+


+-----------------------------+
; EDA Netlist Writer Messages ;
+-----------------------------+
Info: *******************************************************************
Info: Running Quartus II 32-bit EDA Netlist Writer
    Info: Version 12.1 Build 177 11/07/2012 SJ Full Version
    Info: Processing started: Mon Sep 11 15:15:26 2023
Info: Command: quartus_eda --read_settings_files=off --write_settings_files=off lab1 -c lab1
Info (204019): Generated file lab1_6_1200mv_85c_slow.vho in folder "/personal/pparth25/CS232/lab1/simulation/modelsim/" for EDA simulation tool
Info (204019): Generated file lab1_6_1200mv_0c_slow.vho in folder "/personal/pparth25/CS232/lab1/simulation/modelsim/" for EDA simulation tool
Info (204019): Generated file lab1_min_1200mv_0c_fast.vho in folder "/personal/pparth25/CS232/lab1/simulation/modelsim/" for EDA simulation tool
Info (204019): Generated file lab1.vho in folder "/personal/pparth25/CS232/lab1/simulation/modelsim/" for EDA simulation tool
Info (204019): Generated file lab1_6_1200mv_85c_vhd_slow.sdo in folder "/personal/pparth25/CS232/lab1/simulation/modelsim/" for EDA simulation tool
Info (204019): Generated file lab1_6_1200mv_0c_vhd_slow.sdo in folder "/personal/pparth25/CS232/lab1/simulation/modelsim/" for EDA simulation tool
Info (204019): Generated file lab1_min_1200mv_0c_vhd_fast.sdo in folder "/personal/pparth25/CS232/lab1/simulation/modelsim/" for EDA simulation tool
Info (204019): Generated file lab1_vhd.sdo in folder "/personal/pparth25/CS232/lab1/simulation/modelsim/" for EDA simulation tool
Info: Quartus II 32-bit EDA Netlist Writer was successful. 0 errors, 0 warnings
    Info: Peak virtual memory: 303 megabytes
    Info: Processing ended: Mon Sep 11 15:15:27 2023
    Info: Elapsed time: 00:00:01
    Info: Total CPU time (on all processors): 00:00:01


